[  110359ms] [ERROR] Failed to load resource: net::ERR_NAME_NOT_RESOLVED @ https://d20nds6tpj8wk8.cloudfront.net/cdn/ca/design.js?a=08f68fe881d1d140891705536829ac72:0
[  333299ms] [ERROR] Failed to load resource: net::ERR_NAME_NOT_RESOLVED @ https://d20nds6tpj8wk8.cloudfront.net/cdn/ca/design.js?a=08f68fe881d1d140891705536829ac72:0
[  341743ms] [ERROR] Failed to load resource: net::ERR_NAME_NOT_RESOLVED @ https://d20nds6tpj8wk8.cloudfront.net/cdn/ca/design.js?a=08f68fe881d1d140891705536829ac72:0
[  346438ms] [ERROR] Failed to load resource: net::ERR_NAME_NOT_RESOLVED @ https://d20nds6tpj8wk8.cloudfront.net/cdn/ca/design.js?a=08f68fe881d1d140891705536829ac72:0
[  350854ms] [ERROR] Failed to load resource: net::ERR_NAME_NOT_RESOLVED @ https://d20nds6tpj8wk8.cloudfront.net/cdn/ca/design.js?a=08f68fe881d1d140891705536829ac72:0
[  367280ms] [ERROR] Failed to load resource: net::ERR_NAME_NOT_RESOLVED @ https://d20nds6tpj8wk8.cloudfront.net/cdn/ca/design.js?a=08f68fe881d1d140891705536829ac72:0
[  377887ms] [ERROR] Failed to load resource: net::ERR_NAME_NOT_RESOLVED @ https://d20nds6tpj8wk8.cloudfront.net/cdn/ca/design.js?a=08f68fe881d1d140891705536829ac72:0
[  382409ms] TypeError: Cannot read properties of null (reading 'focus')
    at HTMLDocument.<anonymous> (https://account.gov.il/sspr/public/resources/nonce-0ff85fe22519dc7b640a118fd6e8fc6b/js/main.js:141:52)
[  382629ms] TypeError: Cannot read properties of null (reading 'focus')
    at HTMLDocument.<anonymous> (https://account.gov.il/sspr/public/resources/nonce-0ff85fe22519dc7b640a118fd6e8fc6b/js/main.js:141:52)
[  382764ms] TypeError: Cannot read properties of null (reading 'focus')
    at HTMLDocument.<anonymous> (https://account.gov.il/sspr/public/resources/nonce-0ff85fe22519dc7b640a118fd6e8fc6b/js/main.js:141:52)
[  382963ms] TypeError: Cannot read properties of null (reading 'focus')
    at HTMLDocument.<anonymous> (https://account.gov.il/sspr/public/resources/nonce-0ff85fe22519dc7b640a118fd6e8fc6b/js/main.js:141:52)
[  383455ms] TypeError: Cannot read properties of null (reading 'focus')
    at HTMLDocument.<anonymous> (https://account.gov.il/sspr/public/resources/nonce-0ff85fe22519dc7b640a118fd6e8fc6b/js/main.js:141:52)
[  384450ms] TypeError: Cannot read properties of null (reading 'focus')
    at HTMLDocument.<anonymous> (https://account.gov.il/sspr/public/resources/nonce-0ff85fe22519dc7b640a118fd6e8fc6b/js/main.js:141:52)
[  385264ms] TypeError: Cannot read properties of null (reading 'focus')
    at HTMLDocument.<anonymous> (https://account.gov.il/sspr/public/resources/nonce-0ff85fe22519dc7b640a118fd6e8fc6b/js/main.js:141:52)
[  385592ms] TypeError: Cannot read properties of null (reading 'focus')
    at HTMLDocument.<anonymous> (https://account.gov.il/sspr/public/resources/nonce-0ff85fe22519dc7b640a118fd6e8fc6b/js/main.js:141:52)
[  386374ms] TypeError: Cannot read properties of null (reading 'focus')
    at HTMLDocument.<anonymous> (https://account.gov.il/sspr/public/resources/nonce-0ff85fe22519dc7b640a118fd6e8fc6b/js/main.js:141:52)
[  388270ms] TypeError: Cannot read properties of null (reading 'focus')
    at HTMLDocument.<anonymous> (https://account.gov.il/sspr/public/resources/nonce-0ff85fe22519dc7b640a118fd6e8fc6b/js/main.js:141:52)
[  388474ms] TypeError: Cannot read properties of null (reading 'focus')
    at HTMLDocument.<anonymous> (https://account.gov.il/sspr/public/resources/nonce-0ff85fe22519dc7b640a118fd6e8fc6b/js/main.js:141:52)
[  388664ms] TypeError: Cannot read properties of null (reading 'focus')
    at HTMLDocument.<anonymous> (https://account.gov.il/sspr/public/resources/nonce-0ff85fe22519dc7b640a118fd6e8fc6b/js/main.js:141:52)
[  388856ms] TypeError: Cannot read properties of null (reading 'focus')
    at HTMLDocument.<anonymous> (https://account.gov.il/sspr/public/resources/nonce-0ff85fe22519dc7b640a118fd6e8fc6b/js/main.js:141:52)
[  389153ms] TypeError: Cannot read properties of null (reading 'focus')
    at HTMLDocument.<anonymous> (https://account.gov.il/sspr/public/resources/nonce-0ff85fe22519dc7b640a118fd6e8fc6b/js/main.js:141:52)
[  389332ms] TypeError: Cannot read properties of null (reading 'focus')
    at HTMLDocument.<anonymous> (https://account.gov.il/sspr/public/resources/nonce-0ff85fe22519dc7b640a118fd6e8fc6b/js/main.js:141:52)
[  389513ms] TypeError: Cannot read properties of null (reading 'focus')
    at HTMLDocument.<anonymous> (https://account.gov.il/sspr/public/resources/nonce-0ff85fe22519dc7b640a118fd6e8fc6b/js/main.js:141:52)
[  389737ms] TypeError: Cannot read properties of null (reading 'focus')
    at HTMLDocument.<anonymous> (https://account.gov.il/sspr/public/resources/nonce-0ff85fe22519dc7b640a118fd6e8fc6b/js/main.js:141:52)
[  389970ms] TypeError: Cannot read properties of null (reading 'focus')
    at HTMLDocument.<anonymous> (https://account.gov.il/sspr/public/resources/nonce-0ff85fe22519dc7b640a118fd6e8fc6b/js/main.js:141:52)
[  390112ms] TypeError: Cannot read properties of null (reading 'focus')
    at HTMLDocument.<anonymous> (https://account.gov.il/sspr/public/resources/nonce-0ff85fe22519dc7b640a118fd6e8fc6b/js/main.js:141:52)
[  390300ms] TypeError: Cannot read properties of null (reading 'focus')
    at HTMLDocument.<anonymous> (https://account.gov.il/sspr/public/resources/nonce-0ff85fe22519dc7b640a118fd6e8fc6b/js/main.js:141:52)
[  390636ms] [ERROR] Failed to load resource: net::ERR_NAME_NOT_RESOLVED @ https://d20nds6tpj8wk8.cloudfront.net/cdn/ca/design.js?a=08f68fe881d1d140891705536829ac72:0
[  400185ms] [ERROR] Failed to load resource: net::ERR_NAME_NOT_RESOLVED @ https://d20nds6tpj8wk8.cloudfront.net/cdn/ca/design.js?a=08f68fe881d1d140891705536829ac72:0
[  408196ms] TypeError: Cannot read properties of null (reading 'focus')
    at HTMLDocument.<anonymous> (https://account.gov.il/sspr/public/resources/nonce-0ff85fe22519dc7b640a118fd6e8fc6b/js/main.js:141:52)
[  408358ms] TypeError: Cannot read properties of null (reading 'focus')
    at HTMLDocument.<anonymous> (https://account.gov.il/sspr/public/resources/nonce-0ff85fe22519dc7b640a118fd6e8fc6b/js/main.js:141:52)
[  409480ms] TypeError: Cannot read properties of null (reading 'focus')
    at HTMLDocument.<anonymous> (https://account.gov.il/sspr/public/resources/nonce-0ff85fe22519dc7b640a118fd6e8fc6b/js/main.js:141:52)
[  409822ms] TypeError: Cannot read properties of null (reading 'focus')
    at HTMLDocument.<anonymous> (https://account.gov.il/sspr/public/resources/nonce-0ff85fe22519dc7b640a118fd6e8fc6b/js/main.js:141:52)
[  411965ms] TypeError: Cannot read properties of null (reading 'focus')
    at HTMLDocument.<anonymous> (https://account.gov.il/sspr/public/resources/nonce-0ff85fe22519dc7b640a118fd6e8fc6b/js/main.js:141:52)
[  412053ms] TypeError: Cannot read properties of null (reading 'focus')
    at HTMLDocument.<anonymous> (https://account.gov.il/sspr/public/resources/nonce-0ff85fe22519dc7b640a118fd6e8fc6b/js/main.js:141:52)
[  423638ms] [ERROR] Failed to load resource: net::ERR_NAME_NOT_RESOLVED @ https://d20nds6tpj8wk8.cloudfront.net/cdn/ca/design.js?a=08f68fe881d1d140891705536829ac72:0
[  449833ms] TypeError: Cannot read properties of null (reading 'focus')
    at HTMLDocument.<anonymous> (https://account.gov.il/sspr/public/resources/nonce-0ff85fe22519dc7b640a118fd6e8fc6b/js/main.js:141:52)
[  450038ms] TypeError: Cannot read properties of null (reading 'focus')
    at HTMLDocument.<anonymous> (https://account.gov.il/sspr/public/resources/nonce-0ff85fe22519dc7b640a118fd6e8fc6b/js/main.js:141:52)
[  450222ms] TypeError: Cannot read properties of null (reading 'focus')
    at HTMLDocument.<anonymous> (https://account.gov.il/sspr/public/resources/nonce-0ff85fe22519dc7b640a118fd6e8fc6b/js/main.js:141:52)
[  450374ms] TypeError: Cannot read properties of null (reading 'focus')
    at HTMLDocument.<anonymous> (https://account.gov.il/sspr/public/resources/nonce-0ff85fe22519dc7b640a118fd6e8fc6b/js/main.js:141:52)
[  477587ms] TypeError: Cannot read properties of null (reading 'focus')
    at HTMLDocument.<anonymous> (https://account.gov.il/sspr/public/resources/nonce-0ff85fe22519dc7b640a118fd6e8fc6b/js/main.js:141:52)
[  477822ms] TypeError: Cannot read properties of null (reading 'focus')
    at HTMLDocument.<anonymous> (https://account.gov.il/sspr/public/resources/nonce-0ff85fe22519dc7b640a118fd6e8fc6b/js/main.js:141:52)
[  477972ms] TypeError: Cannot read properties of null (reading 'focus')
    at HTMLDocument.<anonymous> (https://account.gov.il/sspr/public/resources/nonce-0ff85fe22519dc7b640a118fd6e8fc6b/js/main.js:141:52)
[  478125ms] TypeError: Cannot read properties of null (reading 'focus')
    at HTMLDocument.<anonymous> (https://account.gov.il/sspr/public/resources/nonce-0ff85fe22519dc7b640a118fd6e8fc6b/js/main.js:141:52)
[  599829ms] TypeError: Cannot read properties of null (reading 'focus')
    at HTMLDocument.<anonymous> (https://account.gov.il/sspr/public/resources/nonce-0ff85fe22519dc7b640a118fd6e8fc6b/js/main.js:141:52)
[  600247ms] TypeError: Cannot read properties of null (reading 'focus')
    at HTMLDocument.<anonymous> (https://account.gov.il/sspr/public/resources/nonce-0ff85fe22519dc7b640a118fd6e8fc6b/js/main.js:141:52)
[  601436ms] TypeError: Cannot read properties of null (reading 'focus')
    at HTMLDocument.<anonymous> (https://account.gov.il/sspr/public/resources/nonce-0ff85fe22519dc7b640a118fd6e8fc6b/js/main.js:141:52)
[  601675ms] TypeError: Cannot read properties of null (reading 'focus')
    at HTMLDocument.<anonymous> (https://account.gov.il/sspr/public/resources/nonce-0ff85fe22519dc7b640a118fd6e8fc6b/js/main.js:141:52)
[  602208ms] TypeError: Cannot read properties of null (reading 'focus')
    at HTMLDocument.<anonymous> (https://account.gov.il/sspr/public/resources/nonce-0ff85fe22519dc7b640a118fd6e8fc6b/js/main.js:141:52)
[  602965ms] TypeError: Cannot read properties of null (reading 'focus')
    at HTMLDocument.<anonymous> (https://account.gov.il/sspr/public/resources/nonce-0ff85fe22519dc7b640a118fd6e8fc6b/js/main.js:141:52)
[  603226ms] TypeError: Cannot read properties of null (reading 'focus')
    at HTMLDocument.<anonymous> (https://account.gov.il/sspr/public/resources/nonce-0ff85fe22519dc7b640a118fd6e8fc6b/js/main.js:141:52)
[  603582ms] TypeError: Cannot read properties of null (reading 'focus')
    at HTMLDocument.<anonymous> (https://account.gov.il/sspr/public/resources/nonce-0ff85fe22519dc7b640a118fd6e8fc6b/js/main.js:141:52)
[  608482ms] TypeError: Cannot read properties of null (reading 'focus')
    at HTMLDocument.<anonymous> (https://account.gov.il/sspr/public/resources/nonce-0ff85fe22519dc7b640a118fd6e8fc6b/js/main.js:141:52)
[  608699ms] TypeError: Cannot read properties of null (reading 'focus')
    at HTMLDocument.<anonymous> (https://account.gov.il/sspr/public/resources/nonce-0ff85fe22519dc7b640a118fd6e8fc6b/js/main.js:141:52)
[  609248ms] TypeError: Cannot read properties of null (reading 'focus')
    at HTMLDocument.<anonymous> (https://account.gov.il/sspr/public/resources/nonce-0ff85fe22519dc7b640a118fd6e8fc6b/js/main.js:141:52)
[  609448ms] TypeError: Cannot read properties of null (reading 'focus')
    at HTMLDocument.<anonymous> (https://account.gov.il/sspr/public/resources/nonce-0ff85fe22519dc7b640a118fd6e8fc6b/js/main.js:141:52)
[  610870ms] TypeError: Cannot read properties of null (reading 'focus')
    at HTMLDocument.<anonymous> (https://account.gov.il/sspr/public/resources/nonce-0ff85fe22519dc7b640a118fd6e8fc6b/js/main.js:141:52)
[  611092ms] TypeError: Cannot read properties of null (reading 'focus')
    at HTMLDocument.<anonymous> (https://account.gov.il/sspr/public/resources/nonce-0ff85fe22519dc7b640a118fd6e8fc6b/js/main.js:141:52)
[  620376ms] [ERROR] Failed to load resource: net::ERR_NAME_NOT_RESOLVED @ https://d20nds6tpj8wk8.cloudfront.net/cdn/ca/design.js?a=08f68fe881d1d140891705536829ac72:0
[  645791ms] [ERROR] Failed to load resource: net::ERR_NAME_NOT_RESOLVED @ https://d20nds6tpj8wk8.cloudfront.net/cdn/ca/design.js?a=08f68fe881d1d140891705536829ac72:0
[  649651ms] [ERROR] Failed to load resource: net::ERR_NAME_NOT_RESOLVED @ https://d20nds6tpj8wk8.cloudfront.net/cdn/ca/design.js?a=08f68fe881d1d140891705536829ac72:0
[  657181ms] TypeError: Cannot read properties of null (reading 'focus')
    at HTMLDocument.<anonymous> (https://account.gov.il/sspr/public/resources/nonce-0ff85fe22519dc7b640a118fd6e8fc6b/js/main.js:141:52)
[  657855ms] TypeError: Cannot read properties of null (reading 'focus')
    at HTMLDocument.<anonymous> (https://account.gov.il/sspr/public/resources/nonce-0ff85fe22519dc7b640a118fd6e8fc6b/js/main.js:141:52)
[  658078ms] TypeError: Cannot read properties of null (reading 'focus')
    at HTMLDocument.<anonymous> (https://account.gov.il/sspr/public/resources/nonce-0ff85fe22519dc7b640a118fd6e8fc6b/js/main.js:141:52)
[  658435ms] TypeError: Cannot read properties of null (reading 'focus')
    at HTMLDocument.<anonymous> (https://account.gov.il/sspr/public/resources/nonce-0ff85fe22519dc7b640a118fd6e8fc6b/js/main.js:141:52)
[  658567ms] TypeError: Cannot read properties of null (reading 'focus')
    at HTMLDocument.<anonymous> (https://account.gov.il/sspr/public/resources/nonce-0ff85fe22519dc7b640a118fd6e8fc6b/js/main.js:141:52)
[  658779ms] TypeError: Cannot read properties of null (reading 'focus')
    at HTMLDocument.<anonymous> (https://account.gov.il/sspr/public/resources/nonce-0ff85fe22519dc7b640a118fd6e8fc6b/js/main.js:141:52)
[  659196ms] TypeError: Cannot read properties of null (reading 'focus')
    at HTMLDocument.<anonymous> (https://account.gov.il/sspr/public/resources/nonce-0ff85fe22519dc7b640a118fd6e8fc6b/js/main.js:141:52)
[  659446ms] TypeError: Cannot read properties of null (reading 'focus')
    at HTMLDocument.<anonymous> (https://account.gov.il/sspr/public/resources/nonce-0ff85fe22519dc7b640a118fd6e8fc6b/js/main.js:141:52)
[  659523ms] TypeError: Cannot read properties of null (reading 'focus')
    at HTMLDocument.<anonymous> (https://account.gov.il/sspr/public/resources/nonce-0ff85fe22519dc7b640a118fd6e8fc6b/js/main.js:141:52)
[  659760ms] TypeError: Cannot read properties of null (reading 'focus')
    at HTMLDocument.<anonymous> (https://account.gov.il/sspr/public/resources/nonce-0ff85fe22519dc7b640a118fd6e8fc6b/js/main.js:141:52)
[  659976ms] TypeError: Cannot read properties of null (reading 'focus')
    at HTMLDocument.<anonymous> (https://account.gov.il/sspr/public/resources/nonce-0ff85fe22519dc7b640a118fd6e8fc6b/js/main.js:141:52)
[  664725ms] TypeError: Cannot read properties of null (reading 'focus')
    at HTMLDocument.<anonymous> (https://account.gov.il/sspr/public/resources/nonce-0ff85fe22519dc7b640a118fd6e8fc6b/js/main.js:141:52)
[  664958ms] TypeError: Cannot read properties of null (reading 'focus')
    at HTMLDocument.<anonymous> (https://account.gov.il/sspr/public/resources/nonce-0ff85fe22519dc7b640a118fd6e8fc6b/js/main.js:141:52)
[  665316ms] TypeError: Cannot read properties of null (reading 'focus')
    at HTMLDocument.<anonymous> (https://account.gov.il/sspr/public/resources/nonce-0ff85fe22519dc7b640a118fd6e8fc6b/js/main.js:141:52)
[  665470ms] TypeError: Cannot read properties of null (reading 'focus')
    at HTMLDocument.<anonymous> (https://account.gov.il/sspr/public/resources/nonce-0ff85fe22519dc7b640a118fd6e8fc6b/js/main.js:141:52)
[  665715ms] TypeError: Cannot read properties of null (reading 'focus')
    at HTMLDocument.<anonymous> (https://account.gov.il/sspr/public/resources/nonce-0ff85fe22519dc7b640a118fd6e8fc6b/js/main.js:141:52)
[  666405ms] TypeError: Cannot read properties of null (reading 'focus')
    at HTMLDocument.<anonymous> (https://account.gov.il/sspr/public/resources/nonce-0ff85fe22519dc7b640a118fd6e8fc6b/js/main.js:141:52)
[  666691ms] TypeError: Cannot read properties of null (reading 'focus')
    at HTMLDocument.<anonymous> (https://account.gov.il/sspr/public/resources/nonce-0ff85fe22519dc7b640a118fd6e8fc6b/js/main.js:141:52)
[  666782ms] TypeError: Cannot read properties of null (reading 'focus')
    at HTMLDocument.<anonymous> (https://account.gov.il/sspr/public/resources/nonce-0ff85fe22519dc7b640a118fd6e8fc6b/js/main.js:141:52)
[  667024ms] TypeError: Cannot read properties of null (reading 'focus')
    at HTMLDocument.<anonymous> (https://account.gov.il/sspr/public/resources/nonce-0ff85fe22519dc7b640a118fd6e8fc6b/js/main.js:141:52)
[  667143ms] TypeError: Cannot read properties of null (reading 'focus')
    at HTMLDocument.<anonymous> (https://account.gov.il/sspr/public/resources/nonce-0ff85fe22519dc7b640a118fd6e8fc6b/js/main.js:141:52)
[  745245ms] [ERROR] Failed to load resource: net::ERR_NAME_NOT_RESOLVED @ https://d20nds6tpj8wk8.cloudfront.net/cdn/ca/design.js?a=08f68fe881d1d140891705536829ac72:0
[  762438ms] [ERROR] Failed to load resource: net::ERR_NAME_NOT_RESOLVED @ https://d20nds6tpj8wk8.cloudfront.net/cdn/ca/design.js?a=08f68fe881d1d140891705536829ac72:0
[  775587ms] [ERROR] Failed to load resource: net::ERR_NAME_NOT_RESOLVED @ https://d20nds6tpj8wk8.cloudfront.net/cdn/ca/design.js?a=08f68fe881d1d140891705536829ac72:0
[  805947ms] [ERROR] Failed to load resource: net::ERR_NAME_NOT_RESOLVED @ https://d20nds6tpj8wk8.cloudfront.net/cdn/ca/design.js?a=08f68fe881d1d140891705536829ac72:0
[  952961ms] [ERROR] Loading the script 'https://static.cloudflareinsights.com/beacon.min.js/vcd15cbe7772f49c399c6a5babf22c1241717689176015' violates the following Content Security Policy directive: "default-src 'unsafe-inline' 'self' *.threatmetrix.us *.hsbc.co.uk *.paypal.com https://1.c81358859121583b7adf2ace89cb39f44.com wss://127.0.0.1:* *.arcot.com *.nudatasecurity.com *.callsign.com https://1.b406929acabac9b095f124c81bdfcf57f.com *.threatmetrix.eu *.ingest.sentry.io https://1.a79ab95c1589a13f8a4cab612bc71f9f7.com *.tescobank.com blob: *.hoaresbank.co.uk *.nwolb.com *.gstatic.com *.we-stats.com *.googleapis.com *.biocatch.com *.online-metrix.net *.threatmetrix.com 'unsafe-eval' data:". Note that 'script-src-elem' was not explicitly set, so 'default-src' is used as a fallback. The action has been blocked. @ https://secure7.arcot.com/content-server/api/tds2/txn/browser/v1/tds-method:0
[  952961ms] [ERROR] Loading the script 'https://static.cloudflareinsights.com/beacon.min.js/vcd15cbe7772f49c399c6a5babf22c1241717689176015' violates the following Content Security Policy directive: "default-src 'unsafe-inline' 'self' *.threatmetrix.us *.hsbc.co.uk *.paypal.com https://1.c81358859121583b7adf2ace89cb39f44.com wss://127.0.0.1:* *.arcot.com *.nudatasecurity.com *.callsign.com https://1.b406929acabac9b095f124c81bdfcf57f.com *.threatmetrix.eu *.ingest.sentry.io https://1.a79ab95c1589a13f8a4cab612bc71f9f7.com *.tescobank.com blob: *.hoaresbank.co.uk *.nwolb.com *.gstatic.com *.we-stats.com *.googleapis.com *.biocatch.com *.online-metrix.net *.threatmetrix.com 'unsafe-eval' data:". Note that 'script-src-elem' was not explicitly set, so 'default-src' is used as a fallback. The action has been blocked. @ https://secure7.arcot.com/content-server/api/tds2/txn/browser/v1/tds-method:0
[  953597ms] [ERROR] Loading the script 'https://static.cloudflareinsights.com/beacon.min.js/vcd15cbe7772f49c399c6a5babf22c1241717689176015' violates the following Content Security Policy directive: "default-src 'unsafe-inline' 'self' *.threatmetrix.us *.hsbc.co.uk *.paypal.com https://1.c81358859121583b7adf2ace89cb39f44.com wss://127.0.0.1:* *.arcot.com *.nudatasecurity.com *.callsign.com https://1.b406929acabac9b095f124c81bdfcf57f.com *.threatmetrix.eu *.ingest.sentry.io https://1.a79ab95c1589a13f8a4cab612bc71f9f7.com *.tescobank.com blob: *.hoaresbank.co.uk *.nwolb.com *.gstatic.com *.we-stats.com *.googleapis.com *.biocatch.com *.online-metrix.net *.threatmetrix.com 'unsafe-eval' data:". Note that 'script-src-elem' was not explicitly set, so 'default-src' is used as a fallback. The action has been blocked. @ https://secure7.arcot.com/content-server/api/tds2/txn/browser/v1/tds-method-post-device-data:0
[  957648ms] [WARNING] Error parsing a meta element's content: ';' is not a valid key-value pair separator. Please use ',' instead. @ https://secure7.arcot.com/content-server/api/tds2/txn/browser/v1/creq:9
[  957784ms] [ERROR] Loading the script 'https://static.cloudflareinsights.com/beacon.min.js/vcd15cbe7772f49c399c6a5babf22c1241717689176015' violates the following Content Security Policy directive: "default-src 'unsafe-inline' 'self' *.threatmetrix.us *.hsbc.co.uk *.paypal.com https://1.c81358859121583b7adf2ace89cb39f44.com wss://127.0.0.1:* *.arcot.com *.nudatasecurity.com *.callsign.com https://1.b406929acabac9b095f124c81bdfcf57f.com *.threatmetrix.eu *.ingest.sentry.io https://1.a79ab95c1589a13f8a4cab612bc71f9f7.com *.tescobank.com blob: *.hoaresbank.co.uk *.nwolb.com *.gstatic.com *.we-stats.com *.googleapis.com *.biocatch.com *.online-metrix.net *.threatmetrix.com 'unsafe-eval' data:". Note that 'script-src-elem' was not explicitly set, so 'default-src' is used as a fallback. The action has been blocked. @ https://secure7.arcot.com/content-server/api/tds2/txn/browser/v1/creq:0
[  957648ms] [WARNING] Error parsing a meta element's content: ';' is not a valid key-value pair separator. Please use ',' instead. @ https://secure7.arcot.com/content-server/api/tds2/txn/browser/v1/creq:9
[  957784ms] [ERROR] Loading the script 'https://static.cloudflareinsights.com/beacon.min.js/vcd15cbe7772f49c399c6a5babf22c1241717689176015' violates the following Content Security Policy directive: "default-src 'unsafe-inline' 'self' *.threatmetrix.us *.hsbc.co.uk *.paypal.com https://1.c81358859121583b7adf2ace89cb39f44.com wss://127.0.0.1:* *.arcot.com *.nudatasecurity.com *.callsign.com https://1.b406929acabac9b095f124c81bdfcf57f.com *.threatmetrix.eu *.ingest.sentry.io https://1.a79ab95c1589a13f8a4cab612bc71f9f7.com *.tescobank.com blob: *.hoaresbank.co.uk *.nwolb.com *.gstatic.com *.we-stats.com *.googleapis.com *.biocatch.com *.online-metrix.net *.threatmetrix.com 'unsafe-eval' data:". Note that 'script-src-elem' was not explicitly set, so 'default-src' is used as a fallback. The action has been blocked. @ https://secure7.arcot.com/content-server/api/tds2/txn/browser/v1/creq:0
[  974785ms] [ERROR] Loading the script 'https://static.cloudflareinsights.com/beacon.min.js/vcd15cbe7772f49c399c6a5babf22c1241717689176015' violates the following Content Security Policy directive: "default-src 'unsafe-inline' 'self' *.threatmetrix.us *.hsbc.co.uk *.paypal.com https://1.c81358859121583b7adf2ace89cb39f44.com wss://127.0.0.1:* *.arcot.com *.nudatasecurity.com *.callsign.com https://1.b406929acabac9b095f124c81bdfcf57f.com *.threatmetrix.eu *.ingest.sentry.io https://1.a79ab95c1589a13f8a4cab612bc71f9f7.com *.tescobank.com blob: *.hoaresbank.co.uk *.nwolb.com *.gstatic.com *.we-stats.com *.googleapis.com *.biocatch.com *.online-metrix.net *.threatmetrix.com 'unsafe-eval' data:". Note that 'script-src-elem' was not explicitly set, so 'default-src' is used as a fallback. The action has been blocked. @ https://secure7.arcot.com/content-server/api/tds2/txn/browser/v1/challenge:0
[ 1070077ms] [ERROR] Failed to load resource: the server responded with a status of 404 (Not Found) @ https://my.gov.il/sec/api/PZ_TransferTraderCitezen/api/CarTransfer/PZCheckStatusBuy:0
[ 1070081ms] [ERROR] ERROR TypeError: Cannot read properties of null (reading 'carTranferFromTrader')
    at Object.next (https://my.gov.il/sec/3557.6756740d14a9cb0a.js:1:25833)
    at S.next (https://my.gov.il/sec/9646.54fcbd03da954d4c.js:1:2247)
    at K._next (https://my.gov.il/sec/9646.54fcbd03da954d4c.js:1:1931)
    at K.next (https://my.gov.il/sec/9646.54fcbd03da954d4c.js:1:1626)
    at D._subscribe (https://my.gov.il/sec/9646.54fcbd03da954d4c.js:1:5278)
    at D._trySubscribe (https://my.gov.il/sec/9646.54fcbd03da954d4c.js:1:651)
    at https://my.gov.il/sec/9646.54fcbd03da954d4c.js:1:596
    at d (https://my.gov.il/sec/9646.54fcbd03da954d4c.js:1:9910)
    at D.subscribe (https://my.gov.il/sec/9646.54fcbd03da954d4c.js:1:512)
    at https://my.gov.il/sec/7530.67e45d4ac87ebdb6.js:1:11865 @ https://my.gov.il/Sec/ruxitagentjs_ICA15789NPRTUVXfghqrtux_10329260206100503.js:386
[ 1070105ms] [ERROR] Failed to load resource: the server responded with a status of 404 (Not Found) @ https://my.gov.il/sec/api/PZ_CitizenCarTransfer/api/CitizenCarTransfer/CheckStatusNC:0
