[     186ms] [ERROR] No userDetails found in sessionStorage @ https://secapp.taxes.gov.il/shaamInfraLayout/build/additional-page_4.entry.js:25
[     200ms] [ERROR] Failed to load resource: the server responded with a status of 503 (Service Unavailable) @ https://secapp.taxes.gov.il/shaamGetServerApi/api/GetMachineName:0
[     200ms] [ERROR] Error fetching server name Error: Failed to fetch server name
    at l.getServerName (https://secapp.taxes.gov.il/shaamInfraLayout/build/additional-page_4.entry.js:26:100569)
    at async l.componentWillLoad (https://secapp.taxes.gov.il/shaamInfraLayout/build/additional-page_4.entry.js:26:86451) @ https://secapp.taxes.gov.il/shaamInfraLayout/build/additional-page_4.entry.js:25
[     207ms] [ERROR] Failed to load resource: net::ERR_RESPONSE_HEADERS_TRUNCATED @ https://secapp.taxes.gov.il/favicon.ico:0
[     208ms] [ERROR] Mixed Content: The page at 'https://secapp.taxes.gov.il/taxes-login/login/general' was loaded over HTTPS, but requested an insecure XMLHttpRequest endpoint 'http://secapp.taxes.gov.il/taxes-login/'. This request has been blocked; the content must be served over HTTPS. @ https://secapp.taxes.gov.il/taxes-login/login/general:0
[     220ms] [ERROR] Failed to load resource: net::ERR_RESPONSE_HEADERS_TRUNCATED @ https://secapp.taxes.gov.il/favicon.ico:0
[   13067ms] [ERROR] Failed to load resource: net::ERR_RESPONSE_HEADERS_TRUNCATED @ https://secapp.taxes.gov.il/favicon.ico:0
[   34294ms] [WARNING] JQMIGRATE: jQuery.isFunction() is deprecated @ https://secapp.taxes.gov.il/shaamAngularLibTemp/jsLib/updatedjq/jquery.mirgrate-3.3.2.js?gdv=b61ac098-76f7-40cb-becd-c95943c87fc8:4
[   34294ms] [WARNING] JQMIGRATE: jQuery.isArray is deprecated; use Array.isArray @ https://secapp.taxes.gov.il/shaamAngularLibTemp/jsLib/updatedjq/jquery.mirgrate-3.3.2.js?gdv=b61ac098-76f7-40cb-becd-c95943c87fc8:4
[   34408ms] [ERROR] Failed to load resource: the server responded with a status of 503 (Service Unavailable) @ https://secapp.taxes.gov.il/matomosh/matomo.js:0
[   34446ms] [WARNING] JQMIGRATE: jQuery.fn.click() event shorthand is deprecated @ https://secapp.taxes.gov.il/shaamAngularLibTemp/jsLib/updatedjq/jquery.mirgrate-3.3.2.js?gdv=b61ac098-76f7-40cb-becd-c95943c87fc8:4
[   34496ms] [WARNING] JQMIGRATE: HTML tags must be properly nested and closed: <div>
    <div ng-if="vm.shaamWinOcFullModal==undefiend">
        <div class="modal" data-keyboard="true"  tabindex="-1" data-backdrop="static" role="dialog" id="{{vm.name}}" aria-labelledby="{{vm.titleLbBy}}" aria-modal="true">
            <div ng-style="vm.windowStyle" class="modal-dialog">
                <div class="modal-content">
                    <div class="modal-header">
                        <button type="button" class="close" ng-click="vm.changeState(false)" aria-label="סגירה">&times;</button>
                        <h4 id="{{vm.titleLbBy}}" class="modal-title" ng-bind="vm.windowTitle" aria-level="2"></h4>
                    </div>
                    <div class="modal-body" style="direction:rtl; text-align:right" id="messageIshur">
                        <div>
                            <ng-transclude />
                        </div>
                    </div>
                    <p align="left">
                        <button shaam-buttons tabindex="0" btnclick="vm.changeState(false)" btntype="vm.tranbtn" ng-bind="vm.tranbtn" is-focus="vm.isFocusCloseBtn"
                                enablebtn="vm.enablebtncancel"></button>
                    </p>
                </div>
            </div>
        </div>
    </div>
    <div ng-if="vm.shaamWinOcFullModal==true">
        <div ng-show="vm.isWindowOpen" style="z-index:1051;background-color:rgba(133, 121, 121, 0.61);  left:0px;top:0px;right:0px;bottom:0px;position:fixed">

            <div class="modal" data-keyboard="true"  tabindex="-1" data-backdrop="static" role="dialog" id="{{vm.name}}"  aria-labelledby="{{vm.titleLbBy}}" aria-modal="true">
                <div ng-style="vm.windowStyle" class="modal-dialog">
                    <div class="modal-content">
                        <div class="modal-header">
                            <button type="button" class="close" ng-click="vm.changeState(false)" aria-label="סגירה">&times;</button>
                            <h4 id="{{vm.titleLbBy}}" class="modal-title" ng-bind="vm.windowTitle" aria-level="2"></h4>
                        </div>
                        <div class="modal-body" style="direction:rtl; text-align:right" id="messageIshur">
                            <div>
                                <ng-transclude />
                            </div>
                        </div>
                        <p align="left">
                            <button shaam-buttons tabindex="0" btnclick="vm.changeState(false)" btntype="sgira"  is-focus="vm.isFocusCloseBtn"
                                    enablebtn="vm.enablebtncancel"></button>
                        </p>
                    </div>
                </div>
            </div>

        </div>
    </div>
</div> @ https://secapp.taxes.gov.il/shaamAngularLibTemp/jsLib/updatedjq/jquery.mirgrate-3.3.2.js?gdv=b61ac098-76f7-40cb-becd-c95943c87fc8:4
[   34501ms] [WARNING] JQMIGRATE: HTML tags must be properly nested and closed: <div>
    <div ng-if="vm.shaamWinOFullModal==undefiend">
        <div class="modal fade" data-keyboard="true"  tabindex="-1" data-backdrop="static" role="dialog" id="{{vm.name}}" aria-labelledby="{{vm.titleLbBy}}"  aria-modal="true">
            <div ng-style="vm.windowStyle" class="modal-dialog">
                <div class="modal-content">
                    <div class="modal-header">
                        <button type="button" class="close" ng-click="vm.changeState(false)" aria-label="סגירה">&times;</button>
                        <h4 id="{{vm.titleLbBy}}" class="modal-title" ng-bind="vm.windowTitle" aria-level="2"></h4>

                    </div>
                    <div class="modal-body" style="direction:rtl; text-align:right" id="messageIshur">
                        <div>
                            <ng-transclude />
                        </div>
                    </div>
                    <p align="left">
                        <button tabindex="0" shaam-buttons btnclick="vm.changeState(true)"
                                btntype="ishur" enablebtn="vm.enablebtnok" is-focus="vm.isFocusOkBtn"></button>
                        <button tabindex="0" shaam-buttons btnclick="vm.changeState(false)" btntype="bitul"
                                is-focus="vm.isFocusCancelBtn"
                                enablebtn="vm.enablebtncancel"></button>
                    </p>
                </div>
            </div>
        </div>
    </div>
    <div ng-if="vm.shaamWinOFullModal==true">
        <div ng-show="vm.isWindowOpen" style="z-index:1051;background-color:rgba(133, 121, 121, 0.61); left:0px;top:0px;right:0px;bottom:0px;position:fixed ">

            <div class="modal fade" data-keyboard="true"  tabindex="-1" data-backdrop="static" role="dialog" id="{{vm.name}}"  aria-labelledby="{{vm.titleLbBy}}" aria-modal="true">
                <div ng-style="vm.windowStyle" class="modal-dialog">
                    <div class="modal-content">
                        <div class="modal-header">
                            <button type="button" class="close" ng-click="vm.changeState(false)" aria-label="סגירה">&times;</button>
                            <h4 id="{{vm.titleLbBy}}" class="modal-title" ng-bind="vm.windowTitle" aria-level="2"></h4>

                        </div>
                        <div class="modal-body" style="direction:rtl; text-align:right" id="messageIshur">
                            <div>
                                <ng-transclude />
                            </div>
                        </div>
                        <p align="left">
                            <button tabindex="0" shaam-buttons btnclick="vm.changeState(true)"
                                    btntype="ishur" enablebtn="vm.enablebtnok"  is-focus="vm.isFocusOkBtn"></button>
                            <button tabindex="0" shaam-buttons btnclick="vm.changeState(false)" btntype="bitul"
                                    enablebtn="vm.enablebtncancel" is-focus="vm.isFocusCancelBtn"></button>
                        </p>
                    </div>
                </div>
            </div>
        </div>
    </div>
</div> @ https://secapp.taxes.gov.il/shaamAngularLibTemp/jsLib/updatedjq/jquery.mirgrate-3.3.2.js?gdv=b61ac098-76f7-40cb-becd-c95943c87fc8:4
[   34505ms] [ERROR] Failed to load resource: net::ERR_RESPONSE_HEADERS_TRUNCATED @ https://secapp.taxes.gov.il/favicon.ico:0
[   34512ms] [ERROR] Failed to load resource: net::ERR_RESPONSE_HEADERS_TRUNCATED @ https://secapp.taxes.gov.il/favicon.ico:0
[   34683ms] [WARNING] JQMIGRATE: jQuery.fn.bind() is deprecated @ https://secapp.taxes.gov.il/shaamAngularLibTemp/jsLib/updatedjq/jquery.mirgrate-3.3.2.js?gdv=b61ac098-76f7-40cb-becd-c95943c87fc8:4
[   41152ms] [ERROR] Failed to load resource: net::ERR_RESPONSE_HEADERS_TRUNCATED @ https://secapp.taxes.gov.il/favicon.ico:0
[   41196ms] [ERROR] Failed to load resource: the server responded with a status of 503 (Service Unavailable) @ https://secapp.taxes.gov.il/shaamGetServerApi/api/GetMachineName:0
[   41197ms] [ERROR] Error fetching server name Error: Failed to fetch server name
    at l.getServerName (https://secapp.taxes.gov.il/shaamInfraLayout/build/additional-page_4.entry.js:26:100569)
    at async l.componentWillLoad (https://secapp.taxes.gov.il/shaamInfraLayout/build/additional-page_4.entry.js:26:86451) @ https://secapp.taxes.gov.il/shaamInfraLayout/build/additional-page_4.entry.js:25
[   41202ms] [ERROR] Failed to load resource: net::ERR_RESPONSE_HEADERS_TRUNCATED @ https://secapp.taxes.gov.il/favicon.ico:0
[   53108ms] [ERROR] Failed to load resource: the server responded with a status of 503 (Service Unavailable) @ https://secapp.taxes.gov.il/shaamGetServerApi/api/GetMachineName:0
[   53108ms] [ERROR] Error fetching server name Error: Failed to fetch server name
    at l.getServerName (https://secapp.taxes.gov.il/shaamInfraLayout/build/additional-page_4.entry.js:26:100569)
    at async l.componentWillLoad (https://secapp.taxes.gov.il/shaamInfraLayout/build/additional-page_4.entry.js:26:86451) @ https://secapp.taxes.gov.il/shaamInfraLayout/build/additional-page_4.entry.js:25
[   53122ms] [ERROR] Failed to load resource: net::ERR_RESPONSE_HEADERS_TRUNCATED @ https://secapp.taxes.gov.il/favicon.ico:0
[   61068ms] [WARNING] JQMIGRATE: jQuery.isFunction() is deprecated @ https://secapp.taxes.gov.il/shaamAngularLibTemp/jsLib/updatedjq/jquery.mirgrate-3.3.2.js?gdv=0294db1b-e5e8-43cb-92a7-237be8098a3c:4
[   61069ms] [WARNING] JQMIGRATE: jQuery.isArray is deprecated; use Array.isArray @ https://secapp.taxes.gov.il/shaamAngularLibTemp/jsLib/updatedjq/jquery.mirgrate-3.3.2.js?gdv=0294db1b-e5e8-43cb-92a7-237be8098a3c:4
[   61178ms] [ERROR] Failed to load resource: the server responded with a status of 503 (Service Unavailable) @ https://secapp.taxes.gov.il/matomosh/matomo.js:0
[   61215ms] [WARNING] JQMIGRATE: jQuery.fn.click() event shorthand is deprecated @ https://secapp.taxes.gov.il/shaamAngularLibTemp/jsLib/updatedjq/jquery.mirgrate-3.3.2.js?gdv=0294db1b-e5e8-43cb-92a7-237be8098a3c:4
[   61260ms] [WARNING] JQMIGRATE: HTML tags must be properly nested and closed: <div>
    <div ng-if="vm.shaamWinOcFullModal==undefiend">
        <div class="modal" data-keyboard="true"  tabindex="-1" data-backdrop="static" role="dialog" id="{{vm.name}}" aria-labelledby="{{vm.titleLbBy}}" aria-modal="true">
            <div ng-style="vm.windowStyle" class="modal-dialog">
                <div class="modal-content">
                    <div class="modal-header">
                        <button type="button" class="close" ng-click="vm.changeState(false)" aria-label="סגירה">&times;</button>
                        <h4 id="{{vm.titleLbBy}}" class="modal-title" ng-bind="vm.windowTitle" aria-level="2"></h4>
                    </div>
                    <div class="modal-body" style="direction:rtl; text-align:right" id="messageIshur">
                        <div>
                            <ng-transclude />
                        </div>
                    </div>
                    <p align="left">
                        <button shaam-buttons tabindex="0" btnclick="vm.changeState(false)" btntype="vm.tranbtn" ng-bind="vm.tranbtn" is-focus="vm.isFocusCloseBtn"
                                enablebtn="vm.enablebtncancel"></button>
                    </p>
                </div>
            </div>
        </div>
    </div>
    <div ng-if="vm.shaamWinOcFullModal==true">
        <div ng-show="vm.isWindowOpen" style="z-index:1051;background-color:rgba(133, 121, 121, 0.61);  left:0px;top:0px;right:0px;bottom:0px;position:fixed">

            <div class="modal" data-keyboard="true"  tabindex="-1" data-backdrop="static" role="dialog" id="{{vm.name}}"  aria-labelledby="{{vm.titleLbBy}}" aria-modal="true">
                <div ng-style="vm.windowStyle" class="modal-dialog">
                    <div class="modal-content">
                        <div class="modal-header">
                            <button type="button" class="close" ng-click="vm.changeState(false)" aria-label="סגירה">&times;</button>
                            <h4 id="{{vm.titleLbBy}}" class="modal-title" ng-bind="vm.windowTitle" aria-level="2"></h4>
                        </div>
                        <div class="modal-body" style="direction:rtl; text-align:right" id="messageIshur">
                            <div>
                                <ng-transclude />
                            </div>
                        </div>
                        <p align="left">
                            <button shaam-buttons tabindex="0" btnclick="vm.changeState(false)" btntype="sgira"  is-focus="vm.isFocusCloseBtn"
                                    enablebtn="vm.enablebtncancel"></button>
                        </p>
                    </div>
                </div>
            </div>

        </div>
    </div>
</div> @ https://secapp.taxes.gov.il/shaamAngularLibTemp/jsLib/updatedjq/jquery.mirgrate-3.3.2.js?gdv=0294db1b-e5e8-43cb-92a7-237be8098a3c:4
[   61271ms] [WARNING] JQMIGRATE: HTML tags must be properly nested and closed: <div>
    <div ng-if="vm.shaamWinOFullModal==undefiend">
        <div class="modal fade" data-keyboard="true"  tabindex="-1" data-backdrop="static" role="dialog" id="{{vm.name}}" aria-labelledby="{{vm.titleLbBy}}"  aria-modal="true">
            <div ng-style="vm.windowStyle" class="modal-dialog">
                <div class="modal-content">
                    <div class="modal-header">
                        <button type="button" class="close" ng-click="vm.changeState(false)" aria-label="סגירה">&times;</button>
                        <h4 id="{{vm.titleLbBy}}" class="modal-title" ng-bind="vm.windowTitle" aria-level="2"></h4>

                    </div>
                    <div class="modal-body" style="direction:rtl; text-align:right" id="messageIshur">
                        <div>
                            <ng-transclude />
                        </div>
                    </div>
                    <p align="left">
                        <button tabindex="0" shaam-buttons btnclick="vm.changeState(true)"
                                btntype="ishur" enablebtn="vm.enablebtnok" is-focus="vm.isFocusOkBtn"></button>
                        <button tabindex="0" shaam-buttons btnclick="vm.changeState(false)" btntype="bitul"
                                is-focus="vm.isFocusCancelBtn"
                                enablebtn="vm.enablebtncancel"></button>
                    </p>
                </div>
            </div>
        </div>
    </div>
    <div ng-if="vm.shaamWinOFullModal==true">
        <div ng-show="vm.isWindowOpen" style="z-index:1051;background-color:rgba(133, 121, 121, 0.61); left:0px;top:0px;right:0px;bottom:0px;position:fixed ">

            <div class="modal fade" data-keyboard="true"  tabindex="-1" data-backdrop="static" role="dialog" id="{{vm.name}}"  aria-labelledby="{{vm.titleLbBy}}" aria-modal="true">
                <div ng-style="vm.windowStyle" class="modal-dialog">
                    <div class="modal-content">
                        <div class="modal-header">
                            <button type="button" class="close" ng-click="vm.changeState(false)" aria-label="סגירה">&times;</button>
                            <h4 id="{{vm.titleLbBy}}" class="modal-title" ng-bind="vm.windowTitle" aria-level="2"></h4>

                        </div>
                        <div class="modal-body" style="direction:rtl; text-align:right" id="messageIshur">
                            <div>
                                <ng-transclude />
                            </div>
                        </div>
                        <p align="left">
                            <button tabindex="0" shaam-buttons btnclick="vm.changeState(true)"
                                    btntype="ishur" enablebtn="vm.enablebtnok"  is-focus="vm.isFocusOkBtn"></button>
                            <button tabindex="0" shaam-buttons btnclick="vm.changeState(false)" btntype="bitul"
                                    enablebtn="vm.enablebtncancel" is-focus="vm.isFocusCancelBtn"></button>
                        </p>
                    </div>
                </div>
            </div>
        </div>
    </div>
</div> @ https://secapp.taxes.gov.il/shaamAngularLibTemp/jsLib/updatedjq/jquery.mirgrate-3.3.2.js?gdv=0294db1b-e5e8-43cb-92a7-237be8098a3c:4
[   61275ms] [ERROR] Failed to load resource: net::ERR_RESPONSE_HEADERS_TRUNCATED @ https://secapp.taxes.gov.il/favicon.ico:0
[   61280ms] [ERROR] Failed to load resource: net::ERR_RESPONSE_HEADERS_TRUNCATED @ https://secapp.taxes.gov.il/favicon.ico:0
[   61332ms] [WARNING] JQMIGRATE: jQuery.fn.bind() is deprecated @ https://secapp.taxes.gov.il/shaamAngularLibTemp/jsLib/updatedjq/jquery.mirgrate-3.3.2.js?gdv=0294db1b-e5e8-43cb-92a7-237be8098a3c:4
[   74371ms] [ERROR] Failed to load resource: net::ERR_RESPONSE_HEADERS_TRUNCATED @ https://secapp.taxes.gov.il/favicon.ico:0
[   74447ms] [WARNING] Mixed Content: The page at 'https://secapp.taxes.gov.il/sr-ezor-ishi/main/reports' was loaded over HTTPS, but requested an insecure element 'http://shaamweb/ShaamStylesLib/illustrations/education.png'. This request was automatically upgraded to HTTPS, For more information see https://blog.chromium.org/2019/10/no-more-mixed-messages-about-https.html @ https://secapp.taxes.gov.il/sr-ezor-ishi/main/reports:0
[   74447ms] [WARNING] Mixed Content: The page at 'https://secapp.taxes.gov.il/sr-ezor-ishi/main/reports' was loaded over HTTPS, but requested an insecure element 'http://shaamweb/ShaamStylesLib/illustrations/education.png'. This request was automatically upgraded to HTTPS, For more information see https://blog.chromium.org/2019/10/no-more-mixed-messages-about-https.html @ https://secapp.taxes.gov.il/sr-ezor-ishi/main/reports:0
[   74448ms] [ERROR] Failed to load resource: the server responded with a status of 503 (Service Unavailable) @ https://secapp.taxes.gov.il/shaamGetServerApi/api/GetMachineName:0
[   74448ms] [ERROR] Error fetching server name Error: Failed to fetch server name
    at l.getServerName (https://secapp.taxes.gov.il/shaamInfraLayout/build/additional-page_4.entry.js:26:100569)
    at async l.componentWillLoad (https://secapp.taxes.gov.il/shaamInfraLayout/build/additional-page_4.entry.js:26:86451) @ https://secapp.taxes.gov.il/shaamInfraLayout/build/additional-page_4.entry.js:25
[   94468ms] [ERROR] Failed to load resource: net::ERR_NAME_NOT_RESOLVED @ https://shaamweb/ShaamStylesLib/illustrations/education.png:0
[  268060ms] [ERROR] Failed to load resource: net::ERR_RESPONSE_HEADERS_TRUNCATED @ https://secapp.taxes.gov.il/favicon.ico:0
[  270559ms] [WARNING] Mixed Content: The page at 'https://secapp.taxes.gov.il/sr-ezor-ishi/main/reports' was loaded over HTTPS, but requested an insecure element 'http://shaamweb/ShaamStylesLib/illustrations/education.png'. This request was automatically upgraded to HTTPS, For more information see https://blog.chromium.org/2019/10/no-more-mixed-messages-about-https.html @ https://secapp.taxes.gov.il/sr-ezor-ishi/main/reports:0
[  270559ms] [WARNING] Mixed Content: The page at 'https://secapp.taxes.gov.il/sr-ezor-ishi/main/reports' was loaded over HTTPS, but requested an insecure element 'http://shaamweb/ShaamStylesLib/illustrations/education.png'. This request was automatically upgraded to HTTPS, For more information see https://blog.chromium.org/2019/10/no-more-mixed-messages-about-https.html @ https://secapp.taxes.gov.il/sr-ezor-ishi/main/reports:0
[  270576ms] [ERROR] Failed to load resource: net::ERR_RESPONSE_HEADERS_TRUNCATED @ https://secapp.taxes.gov.il/favicon.ico:0
[  290581ms] [ERROR] Failed to load resource: net::ERR_NAME_NOT_RESOLVED @ https://shaamweb/ShaamStylesLib/illustrations/education.png:0
[ 1516489ms] [ERROR] Access to XMLHttpRequest at 'https://www.gstatic.com/external_hosted/highlightjs/styles/googlecode.css' from origin 'https://www.gov.il' has been blocked by CORS policy: No 'Access-Control-Allow-Origin' header is present on the requested resource. @ https://www.gov.il/he/departments/israel_tax_authority/govil-landing-page:0
[ 1516490ms] [ERROR] Failed to load resource: net::ERR_FAILED @ https://www.gstatic.com/external_hosted/highlightjs/styles/googlecode.css:0
